[2025-12-17T00:48:20.200Z] [Manager] Migrating repositories from config to database...
[2025-12-17T00:48:20.208Z] [Manager] Migrated ElvUI
[2025-12-17T00:48:35.643Z] [Manager] Migrating repositories from config to database...
[2025-12-17T00:49:21.215Z] [Manager] Removing addon: ElvUI
[2025-12-17T00:49:25.463Z] [Downloader] Downloading: https://www.tukui.org/downloads/elvui-13.78.zip
[2025-12-17T00:49:25.561Z] [Downloader] [ERROR] Download failed. Status: 404 Not Found for https://www.tukui.org/downloads/elvui-13.78.zip
[2025-12-17T00:51:11.861Z] [Manager] Migrating repositories from config to database...
[2025-12-17T00:51:11.865Z] [Manager] Migrated ElvUI
[2025-12-17T00:51:14.114Z] [Manager] Migrating repositories from config to database...
[2025-12-17T00:51:35.106Z] [Manager] Removing addon: ElvUI
[2025-12-17T00:53:38.581Z] [Manager] Migrating repositories from config to database...
[2025-12-17T00:53:38.587Z] [Manager] Migrated ElvUI
[2025-12-17T00:54:08.048Z] [Manager] Removing addon: ElvUI
[2025-12-17T00:54:18.417Z] [Manager] Migrating repositories from config to database...
[2025-12-17T00:54:18.422Z] [Manager] Migrated ElvUI
[2025-12-17T00:55:56.192Z] [Manager] Migrating repositories from config to database...
[2025-12-17T00:56:36.959Z] [Manager] Migrating repositories from config to database...
[2025-12-17T00:57:31.228Z] [Manager] Migrating repositories from config to database...
[2025-12-17T00:57:35.378Z] [Manager] Removing addon: ElvUI
[2025-12-17T00:57:35.387Z] [Config] Removed repository: ElvUI
[2025-12-17T00:57:40.547Z] [Manager] Migrating repositories from config to database...
[2025-12-17T00:57:44.975Z] [Downloader] Downloading: https://api.tukui.org/v1/download/dev/elvui/main
[2025-12-17T00:57:45.159Z] [Downloader] Download complete
[2025-12-17T00:57:46.345Z] [Manager] Scanning for addons in C:\Users\archc\ghq\github.com\archcorsair\lemonup\test-output\Interface\AddOns...
[2025-12-17T00:57:46.377Z] [Manager] Discovered addon: ElvUI (ElvUI)
[2025-12-17T00:57:46.404Z] [Manager] Scan complete. Found 1 new addons.
[2025-12-17T01:00:06.132Z] [Manager] Migrating repositories from config to database...
[2025-12-17T01:00:08.187Z] [Manager] Migrating repositories from config to database...
[2025-12-17T01:01:34.784Z] [Manager] Migrating repositories from config to database...
[2025-12-17T01:01:45.379Z] [Manager] Removing addon: ElvUI
[2025-12-17T01:01:49.550Z] [Downloader] Downloading: https://api.tukui.org/v1/download/dev/elvui/main
[2025-12-17T01:01:49.750Z] [Downloader] Download complete
[2025-12-17T01:01:51.341Z] [Manager] Scanning for addons in C:\Users\archc\ghq\github.com\archcorsair\lemonup\test-output\Interface\AddOns... (Targeted: 1)
[2025-12-17T01:01:51.347Z] [Manager] Discovered addon: ElvUI (ElvUI)
[2025-12-17T01:01:51.367Z] [Manager] Scan complete. Found 1 new/updated addons.
[2025-12-17T01:04:30.473Z] [Manager] Migrating repositories from config to database...
[2025-12-17T01:05:43.111Z] [Manager] Migrating repositories from config to database...
[2025-12-17T01:05:45.470Z] [Manager] Migrating repositories from config to database...
[2025-12-17T01:06:18.325Z] [Manager] Migrating repositories from config to database...
[2025-12-17T01:06:45.417Z] [Manager] Starting updateAddon for ElvUI. Force=false, DryRun=false
[2025-12-17T01:06:45.419Z] [Downloader] Downloading: https://api.tukui.org/v1/download/dev/elvui/main
[2025-12-17T01:06:45.628Z] [Downloader] Download complete
[2025-12-17T01:06:46.788Z] [Manager] Updating DB for ElvUI to unknown
[2025-12-17T01:06:50.274Z] [Manager] Removing addon: ElvUI
[2025-12-17T01:06:53.971Z] [Downloader] Downloading: https://api.tukui.org/v1/download/dev/elvui/main
[2025-12-17T01:06:54.183Z] [Downloader] Download complete
[2025-12-17T01:06:55.274Z] [Manager] Scanning for addons in C:\Users\archc\ghq\github.com\archcorsair\lemonup\test-output\Interface\AddOns... (Targeted: 1)
[2025-12-17T01:06:55.284Z] [Manager] Discovered addon: ElvUI (ElvUI)
[2025-12-17T01:06:55.300Z] [Manager] Scan complete. Found 1 new/updated addons.
[2025-12-17T01:08:08.953Z] [Manager] Migrating repositories from config to database...
[2025-12-17T01:08:27.896Z] [Manager] Migrating repositories from config to database...
[2025-12-17T01:08:29.913Z] [Manager] Migrating repositories from config to database...
[2025-12-17T01:09:05.878Z] [Manager] Migrating repositories from config to database...
[2025-12-17T01:09:13.502Z] [Manager] Removing addon: ElvUI
[2025-12-17T01:09:17.235Z] [Downloader] Downloading: https://api.tukui.org/v1/download/dev/elvui/main
[2025-12-17T01:09:17.449Z] [Downloader] Download complete
[2025-12-17T01:09:19.780Z] [Manager] Scanning for addons in C:\Users\archc\ghq\github.com\archcorsair\lemonup\test-output\Interface\AddOns... (Targeted: 1)
[2025-12-17T01:09:20.080Z] [Manager] Discovered addon: ElvUI (ElvUI)
[2025-12-17T01:09:20.101Z] [Manager] Scan complete. Found 1 new/updated addons.
[2025-12-17T01:11:07.938Z] [Manager] Migrating repositories from config to database...
[2025-12-17T01:11:25.407Z] [Manager] Migrating repositories from config to database...
[2025-12-17T01:11:29.291Z] [Manager] Removing addon: ElvUI
[2025-12-17T01:11:36.010Z] [Downloader] Downloading: https://api.tukui.org/v1/download/dev/elvui/main
[2025-12-17T01:11:36.312Z] [Downloader] Download complete
[2025-12-17T01:11:37.476Z] [Manager] Scanning for addons in C:\Users\archc\ghq\github.com\archcorsair\lemonup\test-output\Interface\AddOns... (Targeted: 1)
[2025-12-17T01:11:37.482Z] [Manager] Discovered addon: ElvUI (ElvUI)
[2025-12-17T01:11:37.498Z] [Manager] Scan complete. Found 1 new/updated addons.
[2025-12-17T01:15:40.404Z] [Manager] Migrating repositories from config to database...
[2025-12-17T01:16:11.218Z] [Manager] Migrating repositories from config to database...
[2025-12-17T01:37:15.834Z] [Manager] Migrating repositories from config to database...
[2025-12-17T01:37:25.761Z] [Manager] Removing addon: ElvUI_FCT
[2025-12-17T01:37:25.773Z] [Config] Removed repository: ElvUI_FCT
[2025-12-17T01:37:29.331Z] [Manager] Removing addon: ElvUI
[2025-12-17T01:37:55.849Z] [Manager] Installing from URL: https://github.com/kodewdle/ElvUI_FCT
[2025-12-17T01:37:56.513Z] [Manager] Scanning for addons in C:\Users\archc\ghq\github.com\archcorsair\lemonup\test-output\Interface\AddOns...
[2025-12-17T01:37:56.522Z] [Manager] Discovered addon: ElvUI Floating Combat Text (ElvUI_FCT)
[2025-12-17T01:37:56.547Z] [Manager] Scan complete. Found 1 new/updated addons.
[2025-12-17T01:38:58.331Z] [Downloader] Downloading: https://api.tukui.org/v1/download/dev/elvui/main
[2025-12-17T01:38:58.567Z] [Downloader] Download complete
[2025-12-17T01:38:59.763Z] [Manager] Scanning for addons in C:\Users\archc\ghq\github.com\archcorsair\lemonup\test-output\Interface\AddOns... (Targeted: 1)
[2025-12-17T01:38:59.768Z] [Manager] Discovered addon: ElvUI (ElvUI)
[2025-12-17T01:38:59.787Z] [Manager] Scan complete. Found 1 new/updated addons.
[2025-12-17T01:48:49.875Z] [Manager] Removing addon: ElvUI_FCT
[2025-12-17T01:49:16.695Z] [Manager] Installing from URL: https://github.com/kodewdle/ElvUI_FCT
[2025-12-17T01:49:17.376Z] [Manager] Scanning for addons in C:\Users\archc\ghq\github.com\archcorsair\lemonup\test-output\Interface\AddOns...
[2025-12-17T01:49:17.383Z] [Manager] Discovered addon: ElvUI Floating Combat Text (ElvUI_FCT)
[2025-12-17T01:49:17.423Z] [Manager] Scan complete. Found 1 new/updated addons.
[2025-12-17T01:49:37.348Z] [Manager] Starting updateAddon for ElvUI. Force=false, DryRun=false
[2025-12-17T01:49:37.348Z] [Manager] Starting updateAddon for ElvUI Floating Combat Text. Force=false, DryRun=false
[2025-12-17T01:49:37.355Z] [Downloader] Downloading: https://api.tukui.org/v1/download/dev/elvui/main
[2025-12-17T01:49:37.539Z] [Downloader] Download complete
[2025-12-17T01:49:38.382Z] [Manager] Updating DB for ElvUI Floating Combat Text to 0a21ee9fb1bfa7230e3b87fe508c766a96d877a8
[2025-12-17T01:49:38.501Z] [Manager] [ERROR] Error updating ElvUI: Error: Unzip execution failed: ENOENT: no such file or directory, open 'C:\Users\archc\AppData\Local\Temp\lemonup-manage-single\ElvUI\extract\ElvUI_Libraries\Game\Shared\CallbackHandler-1.0\CallbackHandler-1.0.lua'
    at unzip (C:\Users\archc\ghq\github.com\archcorsair\lemonup\src\core\downloader.ts:67:13)
    at async installTukUI (C:\Users\archc\ghq\github.com\archcorsair\lemonup\src\core\manager.ts:306:27)
    at async updateAddon (C:\Users\archc\ghq\github.com\archcorsair\lemonup\src\core\manager.ts:249:16)
    at async <anonymous> (C:\Users\archc\ghq\github.com\archcorsair\lemonup\src\tui\screens\ManageScreen.tsx:82:39)
    at processTicksAndRejections (native:7:39)
[2025-12-17T01:49:42.826Z] [Manager] Starting updateAddon for ElvUI Floating Combat Text. Force=false, DryRun=false
[2025-12-17T01:49:42.831Z] [Manager] Starting updateAddon for ElvUI. Force=false, DryRun=false
[2025-12-17T01:49:42.832Z] [Downloader] Downloading: https://api.tukui.org/v1/download/dev/elvui/main
[2025-12-17T01:49:42.971Z] [Downloader] Download complete
[2025-12-17T01:49:43.281Z] [Manager] [ERROR] Error updating ElvUI: Error: Unzip execution failed: ENOENT: no such file or directory, open 'C:\Users\archc\AppData\Local\Temp\lemonup-manage-single\ElvUI\extract\ElvUI\Game\Shared\Media\Textures\Spark.tga'
    at unzip (C:\Users\archc\ghq\github.com\archcorsair\lemonup\src\core\downloader.ts:67:13)
    at async installTukUI (C:\Users\archc\ghq\github.com\archcorsair\lemonup\src\core\manager.ts:306:27)
    at async updateAddon (C:\Users\archc\ghq\github.com\archcorsair\lemonup\src\core\manager.ts:249:16)
    at async <anonymous> (C:\Users\archc\ghq\github.com\archcorsair\lemonup\src\tui\screens\ManageScreen.tsx:82:39)
    at processTicksAndRejections (native:7:39)
[2025-12-17T01:49:44.303Z] [Manager] Starting updateAddon for ElvUI. Force=false, DryRun=false
[2025-12-17T01:49:44.303Z] [Manager] Starting updateAddon for ElvUI Floating Combat Text. Force=false, DryRun=false
[2025-12-17T01:49:44.308Z] [Downloader] Downloading: https://api.tukui.org/v1/download/dev/elvui/main
[2025-12-17T01:49:44.483Z] [Downloader] Download complete
[2025-12-17T01:49:45.676Z] [Manager] Updating DB for ElvUI to unknown
[2025-12-17T01:49:57.991Z] [Manager] Starting updateAddon for ElvUI. Force=false, DryRun=false
[2025-12-17T01:49:57.993Z] [Downloader] Downloading: https://api.tukui.org/v1/download/dev/elvui/main
[2025-12-17T01:49:58.150Z] [Downloader] Download complete
[2025-12-17T01:49:59.221Z] [Manager] Updating DB for ElvUI to unknown
[2025-12-17T01:50:30.944Z] [Manager] Starting updateAddon for ElvUI. Force=false, DryRun=false
[2025-12-17T01:50:30.945Z] [Downloader] Downloading: https://api.tukui.org/v1/download/dev/elvui/main
[2025-12-17T01:50:31.135Z] [Downloader] Download complete
[2025-12-17T01:50:32.303Z] [Manager] Updating DB for ElvUI to unknown
[2025-12-17T02:05:59.108Z] [Manager] Removing addon: ElvUI
[2025-12-17T02:05:59.213Z] [Manager] Removing addon: ElvUI_FCT
[2025-12-17T02:06:02.822Z] [Downloader] Downloading: https://api.tukui.org/v1/download/dev/elvui/main
[2025-12-17T02:06:03.031Z] [Downloader] Download complete
[2025-12-17T02:06:04.997Z] [Manager] Scanning for addons in C:\Users\archc\ghq\github.com\archcorsair\lemonup\test-output\Interface\AddOns... (Targeted: 1)
[2025-12-17T02:06:05.007Z] [Manager] Discovered addon: ElvUI (ElvUI)
[2025-12-17T02:06:05.031Z] [Manager] Scan complete. Found 1 new/updated addons.
[2025-12-17T02:06:22.078Z] [Manager] Starting updateAddon for ElvUI. Force=false, DryRun=false
[2025-12-17T02:06:22.080Z] [Downloader] Downloading: https://api.tukui.org/v1/download/dev/elvui/main
[2025-12-17T02:06:22.268Z] [Downloader] Download complete
[2025-12-17T02:06:23.512Z] [Manager] Updating DB for ElvUI to unknown
[2025-12-17T02:10:01.395Z] [Manager] Removing addon: ElvUI
[2025-12-17T02:10:04.344Z] [Downloader] Downloading: https://api.tukui.org/v1/download/dev/elvui/main
[2025-12-17T02:10:04.594Z] [Downloader] Download complete
[2025-12-17T02:10:05.769Z] [Manager] Scanning for addons in C:\Users\archc\ghq\github.com\archcorsair\lemonup\test-output\Interface\AddOns... (Targeted: 1)
[2025-12-17T02:10:05.977Z] [Manager] Discovered addon: ElvUI (ElvUI)
[2025-12-17T02:10:06.209Z] [Manager] Scan complete. Found 1 new/updated addons.
[2025-12-17T02:12:19.184Z] [Manager] [ERROR] [ElvUI Debug] Hashes match.
[2025-12-17T02:12:19.184Z] [Manager] [ERROR] [ElvUI Debug] Version: 'v14.04-85-gcd34244', LocalHash: 'cd34244', RemoteHash: 'cd34244633def10099688e299bb3fa2e6d5dc7fe'
[2025-12-17T02:12:29.788Z] [Manager] Removing addon: ElvUI
[2025-12-17T02:12:34.096Z] [Downloader] Downloading: https://api.tukui.org/v1/download/dev/elvui/main
[2025-12-17T02:12:34.317Z] [Downloader] Download complete
[2025-12-17T02:12:35.595Z] [Manager] Scanning for addons in C:\Users\archc\ghq\github.com\archcorsair\lemonup\test-output\Interface\AddOns... (Targeted: 1)
[2025-12-17T02:12:35.603Z] [Manager] Discovered addon: ElvUI (ElvUI)
[2025-12-17T02:12:35.619Z] [Manager] Scan complete. Found 1 new/updated addons.
[2025-12-17T02:12:51.768Z] [Manager] Installing from URL: https://github.com/tukui-org/ElvUI/
[2025-12-17T02:12:53.741Z] [Manager] Scanning for addons in C:\Users\archc\ghq\github.com\archcorsair\lemonup\test-output\Interface\AddOns...
[2025-12-17T02:12:53.793Z] [Manager] Scan complete. Found 0 new/updated addons.
[2025-12-17T02:13:16.767Z] [Manager] Removing addon: ElvUI
[2025-12-17T02:13:25.417Z] [Downloader] Downloading: https://api.tukui.org/v1/download/dev/elvui/main
[2025-12-17T02:13:25.641Z] [Downloader] Download complete
[2025-12-17T02:13:26.782Z] [Manager] Scanning for addons in C:\Users\archc\ghq\github.com\archcorsair\lemonup\test-output\Interface\AddOns... (Targeted: 1)
[2025-12-17T02:13:26.787Z] [Manager] Discovered addon: ElvUI (ElvUI)
[2025-12-17T02:13:26.812Z] [Manager] Scan complete. Found 1 new/updated addons.
[2025-12-17T02:13:32.474Z] [Manager] [ERROR] [ElvUI Debug] Version: 'v14.04-85-gcd34244', LocalHash: 'cd34244', RemoteHash: 'cd34244633def10099688e299bb3fa2e6d5dc7fe'
[2025-12-17T02:13:32.474Z] [Manager] [ERROR] [ElvUI Debug] Hashes match.
[2025-12-17T02:13:53.007Z] [Manager] Installing from URL: https://github.com/kodewdle/ElvUI_FCT
[2025-12-17T02:13:53.645Z] [Manager] Scanning for addons in C:\Users\archc\ghq\github.com\archcorsair\lemonup\test-output\Interface\AddOns...
[2025-12-17T02:13:53.650Z] [Manager] Discovered addon: ElvUI Floating Combat Text (ElvUI_FCT)
[2025-12-17T02:13:53.690Z] [Manager] Scan complete. Found 1 new/updated addons.
[2025-12-18T00:03:20.059Z] [Downloader] Downloading: https://api.tukui.org/v1/download/dev/elvui/main
